<?xml version="1.0" encoding="UTF-8"?>
<!-- Generated by org.testng.reporters.JUnitReportReporter -->
<testsuite skipped="0" hostname="BJGLPR-NMX0012.local" name="com.crm.qa.testcaases.LoginPageTest" tests="3" failures="0" timestamp="19 三月 2019 07:41:26 GMT" time="9.266" errors="0">
  <testcase name="loginPageTitleTest" time="2.743" classname="com.crm.qa.testcaases.LoginPageTest"/>
  <testcase name="loginPageImageTest" time="2.855" classname="com.crm.qa.testcaases.LoginPageTest"/>
  <testcase name="loginTest" time="3.668" classname="com.crm.qa.testcaases.LoginPageTest"/>
</testsuite> <!-- com.crm.qa.testcaases.LoginPageTest -->
